  main.cpp
d:\serega\aspirant\sintezplanetarygears\sintezpp\sintezppdefk\main.cpp(19): warning C4305: '=' : truncation from 'double' to 'float'
  DefK.cpp
d:\serega\aspirant\sintezplanetarygears\sintezpp\sintezppdefk\defk.cpp(61): warning C4305: 'argument' : truncation from 'double' to 'float'
d:\serega\aspirant\sintezplanetarygears\sintezpp\sintezppdefk\defk.cpp(70): warning C4018: '<' : signed/unsigned mismatch
d:\serega\aspirant\sintezplanetarygears\sintezpp\sintezppdefk\defk.cpp(87): warning C4244: 'argument' : conversion from 'double' to 'float', possible loss of data
  TK.cpp
  TI.cpp
d:\serega\aspirant\sintezplanetarygears\sintezpp\libraries\ti.cpp(12): warning C4305: 'argument' : truncation from 'double' to 'float'
d:\serega\aspirant\sintezplanetarygears\sintezpp\libraries\ti.cpp(46): warning C4018: '<=' : signed/unsigned mismatch
d:\serega\aspirant\sintezplanetarygears\sintezpp\libraries\ti.cpp(61): warning C4018: '>' : signed/unsigned mismatch
  TCode.cpp
d:\serega\aspirant\sintezplanetarygears\sintezpp\libraries\tcode.cpp(66): warning C4018: '<' : signed/unsigned mismatch
d:\serega\aspirant\sintezplanetarygears\sintezpp\libraries\tcode.cpp(88): warning C4018: '<' : signed/unsigned mismatch
d:\serega\aspirant\sintezplanetarygears\sintezpp\libraries\tcode.cpp(110): warning C4018: '<' : signed/unsigned mismatch
d:\serega\aspirant\sintezplanetarygears\sintezpp\libraries\tcode.cpp(225): warning C4018: '<' : signed/unsigned mismatch
  func_lib.cpp
  Generating Code...
d:\serega\aspirant\sintezplanetarygears\sintezpp\libraries\ti.cpp(76): warning C4715: 'pss::TI::operator==' : not all control paths return a value
  SintezPPDefK.vcxproj -> D:\Serega\Aspirant\SintezPlanetaryGears\SintezPP\Debug\SintezPPDefK.exe
